<?xml version="1.0" encoding="utf-8"?><testsuites name="pytest tests"><testsuite name="pytest" errors="0" failures="0" skipped="0" tests="5" time="1.696" timestamp="2026-04-17T16:51:54.298152+00:00" hostname="agent-env-796393c0-3e20-4aab-92c0-a15886d00082"><testcase classname="backend.tests.test_contact.TestHealthAndRoot" name="test_root_endpoint" time="0.291" /><testcase classname="backend.tests.test_contact.TestContactAPI" name="test_contact_submit_success" time="0.447" /><testcase classname="backend.tests.test_contact.TestContactAPI" name="test_contact_missing_required_fields" time="0.224" /><testcase classname="backend.tests.test_contact.TestContactAPI" name="test_contact_optional_message" time="0.309" /><testcase classname="backend.tests.test_contact.TestContactAPI" name="test_contact_empty_name_rejected" time="0.362" /></testsuite></testsuites>